<?xml version="1.0" encoding="UTF-8"?>
<!-- Generated by org.testng.reporters.JUnitReportReporter -->
<testsuite skipped="0" hostname="LAPTOP-P3EADNK9" name="com.vezencare.testCases.TC_UserLoginTest_2" tests="1" failures="0" timestamp="29 Aug 2021 15:28:33 GMT" time="1.830" errors="0">
  <testcase name="userLoginTest" time="1.830" classname="com.vezencare.testCases.TC_UserLoginTest_2"/>
</testsuite> <!-- com.vezencare.testCases.TC_UserLoginTest_2 -->
