<?xml version="1.0" encoding="UTF-8"?>
<!-- Generated by org.testng.reporters.JUnitReportReporter -->
<testsuite skipped="0" hostname="LAPTOP-P3EADNK9" name="com.vezencare.testCases.TC_UserdashboardTest_002" tests="1" failures="0" timestamp="25 Sep 2021 04:23:21 GMT" time="38.321" errors="0">
  <testcase name="userDashboardTest" time="38.321" classname="com.vezencare.testCases.TC_UserdashboardTest_002"/>
</testsuite> <!-- com.vezencare.testCases.TC_UserdashboardTest_002 -->
