<?xml version="1.0" encoding="UTF-8"?>
<!-- Generated by org.testng.reporters.JUnitReportReporter -->
<testsuite skipped="0" hostname="LAPTOP-P3EADNK9" name="com.vezencare.testCases.TC_UserOnlineConsultationTest_004" tests="1" failures="0" timestamp="25 Sep 2021 18:55:22 GMT" time="36.073" errors="0">
  <testcase name="useronlineconsultationtest" time="36.073" classname="com.vezencare.testCases.TC_UserOnlineConsultationTest_004"/>
</testsuite> <!-- com.vezencare.testCases.TC_UserOnlineConsultationTest_004 -->
