<?xml version="1.0" encoding="UTF-8"?>
<!-- Generated by org.testng.reporters.JUnitReportReporter -->
<testsuite skipped="0" hostname="LAPTOP-P3EADNK9" name="com.vezencare.testCases.TC_UserProfilePageTest_003" tests="1" failures="0" timestamp="24 Sep 2021 16:02:02 GMT" time="14.522" errors="0">
  <testcase name="UserProfilePage" time="14.522" classname="com.vezencare.testCases.TC_UserProfilePageTest_003"/>
</testsuite> <!-- com.vezencare.testCases.TC_UserProfilePageTest_003 -->
