<?xml version="1.0" encoding="UTF-8"?>
<!-- Generated by org.testng.reporters.JUnitReportReporter -->
<testsuite skipped="0" hostname="LAPTOP-P3EADNK9" name="com.vezencare.testCases.TC_UserLoginTest_001" tests="1" failures="0" timestamp="15 Sep 2021 18:02:22 GMT" time="1.501" errors="0">
  <testcase name="userLoginTest" time="1.501" classname="com.vezencare.testCases.TC_UserLoginTest_001"/>
</testsuite> <!-- com.vezencare.testCases.TC_UserLoginTest_001 -->
