<?xml version="1.0" encoding="UTF-8"?>
<!-- Generated by org.testng.reporters.JUnitReportReporter -->
<testsuite skipped="0" hostname="LAPTOP-P3EADNK9" name="com.vezencare.testCases.TC_UserHealthCardTest_007" tests="1" failures="0" timestamp="27 Sep 2021 06:55:47 GMT" time="6.775" errors="0">
  <testcase name="userhealthcard" time="6.775" classname="com.vezencare.testCases.TC_UserHealthCardTest_007"/>
</testsuite> <!-- com.vezencare.testCases.TC_UserHealthCardTest_007 -->
