<?xml version="1.0" encoding="UTF-8"?>
<!-- Generated by org.testng.reporters.JUnitReportReporter -->
<testsuite skipped="0" hostname="LAPTOP-P3EADNK9" name="com.vezencare.testCases.TC_UserCareTakerServiceTest_006" tests="1" failures="0" timestamp="25 Sep 2021 21:03:40 GMT" time="13.850" errors="0">
  <testcase name="usercaretakerservice" time="13.850" classname="com.vezencare.testCases.TC_UserCareTakerServiceTest_006"/>
</testsuite> <!-- com.vezencare.testCases.TC_UserCareTakerServiceTest_006 -->
