<?xml version="1.0" encoding="UTF-8"?>
<!-- Generated by org.testng.reporters.JUnitReportReporter -->
<testsuite skipped="0" hostname="LAPTOP-P3EADNK9" name="com.vezencare.testCases.TC_UserTopMenuTest_010" tests="1" failures="0" timestamp="30 Sep 2021 06:54:16 GMT" time="10.298" errors="0">
  <testcase name="Usertopmenutest" time="10.298" classname="com.vezencare.testCases.TC_UserTopMenuTest_010"/>
</testsuite> <!-- com.vezencare.testCases.TC_UserTopMenuTest_010 -->
