<?xml version="1.0" encoding="UTF-8"?>
<!-- Generated by org.testng.reporters.JUnitReportReporter -->
<testsuite skipped="0" hostname="LAPTOP-P3EADNK9" name="com.vezencare.testCases.TC_UserLeftSideMenuTest_009" tests="1" failures="0" timestamp="29 Sep 2021 07:47:16 GMT" time="108.658" errors="0">
  <testcase name="userleftsidemenu" time="108.658" classname="com.vezencare.testCases.TC_UserLeftSideMenuTest_009"/>
</testsuite> <!-- com.vezencare.testCases.TC_UserLeftSideMenuTest_009 -->
