<?xml version="1.0" encoding="UTF-8"?>
<!-- Generated by org.testng.reporters.JUnitReportReporter -->
<testsuite skipped="0" hostname="LAPTOP-P3EADNK9" name="com.vezencare.testCases.TC_LoginDDT_002" tests="6" failures="0" timestamp="13 Sep 2021 08:26:46 GMT" time="61.105" errors="0">
  <testcase name="loginDDT" time="13.540" classname="com.vezencare.testCases.TC_LoginDDT_002"/>
  <testcase name="loginDDT" time="13.464" classname="com.vezencare.testCases.TC_LoginDDT_002"/>
  <testcase name="loginDDT" time="3.501" classname="com.vezencare.testCases.TC_LoginDDT_002"/>
  <testcase name="loginDDT" time="3.473" classname="com.vezencare.testCases.TC_LoginDDT_002"/>
  <testcase name="loginDDT" time="13.576" classname="com.vezencare.testCases.TC_LoginDDT_002"/>
  <testcase name="loginDDT" time="13.551" classname="com.vezencare.testCases.TC_LoginDDT_002"/>
</testsuite> <!-- com.vezencare.testCases.TC_LoginDDT_002 -->
