<?xml version="1.0" encoding="UTF-8"?>
<!-- Generated by org.testng.reporters.JUnitReportReporter -->
<testsuite skipped="0" hostname="LAPTOP-P3EADNK9" name="com.vezencare.testCases.TC_UserUploadReportsTest_008" tests="1" failures="0" timestamp="28 Sep 2021 08:36:13 GMT" time="20.106" errors="0">
  <testcase name="usercaretakerservice" time="20.106" classname="com.vezencare.testCases.TC_UserUploadReportsTest_008"/>
</testsuite> <!-- com.vezencare.testCases.TC_UserUploadReportsTest_008 -->
