<?xml version="1.0" encoding="UTF-8"?>
<!-- Generated by org.testng.reporters.JUnitReportReporter -->
<testsuite skipped="0" hostname="LAPTOP-P3EADNK9" name="com.vezencare.testCases.TC_UserMedicationDeliveryTest_005" tests="1" failures="0" timestamp="25 Sep 2021 20:18:26 GMT" time="21.116" errors="0">
  <testcase name="usermedicaldeliveryTest" time="21.116" classname="com.vezencare.testCases.TC_UserMedicationDeliveryTest_005"/>
</testsuite> <!-- com.vezencare.testCases.TC_UserMedicationDeliveryTest_005 -->
